2025-09-12 20:52:08 INFO Running runs: []
2025-09-12 20:52:09 INFO Agent received command: run
2025-09-12 20:52:09 INFO Agent starting run with config:
	data/intervention_labels: synthetic_1/concept_0
	model: cbm
	seed: 13
2025-09-12 20:52:09 INFO About to run command: uv run python benchmark_scdata.py data/intervention_labels=synthetic_1/concept_0 model=cbm seed=13 wandb.project=conceptlab
2025-09-12 20:52:14 INFO Running runs: ['egugf35h']
2025-09-12 20:52:14 INFO Cleaning up finished run: egugf35h
2025-09-12 20:52:14 INFO Agent received command: run
2025-09-12 20:52:14 INFO Agent starting run with config:
	data/intervention_labels: synthetic_1/concept_0
	model: cbm
	seed: 42
2025-09-12 20:52:14 INFO About to run command: uv run python benchmark_scdata.py data/intervention_labels=synthetic_1/concept_0 model=cbm seed=42 wandb.project=conceptlab
2025-09-12 20:52:19 INFO Running runs: ['8u3j1moa']
2025-09-12 20:52:34 INFO Cleaning up finished run: 8u3j1moa
2025-09-12 20:52:34 INFO Agent received command: run
2025-09-12 20:52:34 INFO Agent starting run with config:
	data/intervention_labels: synthetic_1/concept_0
	model: cbm
	seed: 1337
2025-09-12 20:52:34 INFO About to run command: uv run python benchmark_scdata.py data/intervention_labels=synthetic_1/concept_0 model=cbm seed=1337 wandb.project=conceptlab
2025-09-12 20:52:39 INFO Running runs: ['3ic216ql']
2025-09-12 20:52:39 ERROR Detected 3 failed runs in the first 60 seconds, shutting down.
2025-09-12 20:52:39 INFO To disable this check set WANDB_AGENT_DISABLE_FLAPPING=true
2025-09-12 21:00:33 ERROR Traceback (most recent call last):
  File "/gpfs/scratchfs01/site/u/andera29/micromamba/envs/conceptlab/lib/python3.11/site-packages/wandb/apis/normalize.py", line 41, in wrapper
    return func(*args, **kwargs)
           ^^^^^^^^^^^^^^^^^^^^^
  File "/gpfs/scratchfs01/site/u/andera29/micromamba/envs/conceptlab/lib/python3.11/site-packages/wandb/sdk/internal/internal_api.py", line 1077, in sweep
    raise ValueError(f"Sweep {entity}/{project}/{sweep} not found")
ValueError: Sweep andera29/conceptlab_new/sweeps not found

During handling of the above exception, another exception occurred:

Traceback (most recent call last):
  File "/gpfs/scratchfs01/site/u/andera29/micromamba/envs/conceptlab/lib/python3.11/site-packages/wandb/cli/cli.py", line 108, in wrapper
    return func(*args, **kwargs)
           ^^^^^^^^^^^^^^^^^^^^^
  File "/gpfs/scratchfs01/site/u/andera29/micromamba/envs/conceptlab/lib/python3.11/site-packages/wandb/cli/cli.py", line 1846, in agent
    wandb_agent.agent(sweep_id, entity=entity, project=project, count=count)
  File "/gpfs/scratchfs01/site/u/andera29/micromamba/envs/conceptlab/lib/python3.11/site-packages/wandb/wandb_agent.py", line 572, in agent
    return run_agent(
           ^^^^^^^^^^
  File "/gpfs/scratchfs01/site/u/andera29/micromamba/envs/conceptlab/lib/python3.11/site-packages/wandb/wandb_agent.py", line 530, in run_agent
    agent.run()
  File "/gpfs/scratchfs01/site/u/andera29/micromamba/envs/conceptlab/lib/python3.11/site-packages/wandb/wandb_agent.py", line 192, in run
    sweep_obj = self._api.sweep(self._sweep_id, "{}")
                ^^^^^^^^^^^^^^^^^^^^^^^^^^^^^^^^^^^^^
  File "/gpfs/scratchfs01/site/u/andera29/micromamba/envs/conceptlab/lib/python3.11/site-packages/wandb/apis/internal.py", line 130, in sweep
    return self.api.sweep(*args, **kwargs)
           ^^^^^^^^^^^^^^^^^^^^^^^^^^^^^^^
  File "/gpfs/scratchfs01/site/u/andera29/micromamba/envs/conceptlab/lib/python3.11/site-packages/wandb/apis/normalize.py", line 87, in wrapper
    raise CommError(message, err).with_traceback(sys.exc_info()[2])
  File "/gpfs/scratchfs01/site/u/andera29/micromamba/envs/conceptlab/lib/python3.11/site-packages/wandb/apis/normalize.py", line 41, in wrapper
    return func(*args, **kwargs)
           ^^^^^^^^^^^^^^^^^^^^^
  File "/gpfs/scratchfs01/site/u/andera29/micromamba/envs/conceptlab/lib/python3.11/site-packages/wandb/sdk/internal/internal_api.py", line 1077, in sweep
    raise ValueError(f"Sweep {entity}/{project}/{sweep} not found")
wandb.errors.errors.CommError: Sweep andera29/conceptlab_new/sweeps not found

2025-09-12 21:07:37 INFO Running runs: []
2025-09-12 21:07:38 INFO Agent received command: run
2025-09-12 21:07:38 INFO Agent starting run with config:
	data/intervention_labels: synthetic_1/concept_0
	model: cbm
	seed: 13
2025-09-12 21:07:38 INFO About to run command: python benchmark_scdata.py data/intervention_labels=synthetic_1/concept_0 model=cbm seed=13 wandb.project=conceptlab
2025-09-12 21:07:43 INFO Running runs: ['gou0wzt2']
2025-09-12 21:07:43 INFO Cleaning up finished run: gou0wzt2
2025-09-12 21:07:43 INFO Agent received command: run
2025-09-12 21:07:43 INFO Agent starting run with config:
	data/intervention_labels: synthetic_1/concept_0
	model: cbm
	seed: 42
2025-09-12 21:07:43 INFO About to run command: python benchmark_scdata.py data/intervention_labels=synthetic_1/concept_0 model=cbm seed=42 wandb.project=conceptlab
2025-09-12 21:07:48 INFO Running runs: ['ctle88qo']
2025-09-12 21:07:48 INFO Cleaning up finished run: ctle88qo
2025-09-12 21:07:48 INFO Agent received command: run
2025-09-12 21:07:48 INFO Agent starting run with config:
	data/intervention_labels: synthetic_1/concept_0
	model: cbm
	seed: 1337
2025-09-12 21:07:48 INFO About to run command: python benchmark_scdata.py data/intervention_labels=synthetic_1/concept_0 model=cbm seed=1337 wandb.project=conceptlab
2025-09-12 21:07:53 INFO Running runs: ['x13h5he1']
2025-09-12 21:07:53 ERROR Detected 3 failed runs in the first 60 seconds, shutting down.
2025-09-12 21:07:53 INFO To disable this check set WANDB_AGENT_DISABLE_FLAPPING=true
